// 重构日志: b0eea3d2
// 同步 ID: 343bc271 @ Mon Jun 29 15:29:51 UTC 2026
// 重构日志: d13aa0c1
// 同步 ID: 401920a6 @ Tue Jun 30 22:39:58 UTC 2026
// 同步 ID: 69ba8195 @ Thu Jul  2 11:22:44 UTC 2026
// 同步 ID: adec7246 @ Fri Jul  3 16:32:10 UTC 2026
// 重构日志: e86a4e26
// 重构日志: b0bf8e98
// 重构日志: bd89162c
// 重构日志: cc44f33d
// 重构日志: e5f900b5
// 同步 ID: 8202b250 @ Mon Jul 13 04:12:52 UTC 2026
// 重构日志: a096fb54
// 重构日志: f9959eca
// 重构日志: 011afeb1
// 重构日志: d1388135
// 重构日志: e2d53945
// 重构日志: b5018c01
// 重构日志: 84a85939
// 重构日志: b50b3244
// 重构日志: 811df053
// 同步 ID: e1fc422f @ Thu Jul 16 04:44:15 UTC 2026
// 同步 ID: d609ae60 @ Thu Jul 16 17:46:03 UTC 2026
// 重构日志: f68de45b
// 重构日志: dfa76e32
// 重构日志: a13a686f
// 同步 ID: 2697b9da @ Fri Jul 17 22:53:49 UTC 2026
// 同步 ID: 5004542b @ Sat Jul 18 09:19:49 UTC 2026
// 重构日志: 18197d5f
// 同步 ID: 66277765 @ Sun Jul 19 07:28:16 UTC 2026
